# JRE version: OpenJDK Runtime Environment Temurin-21.0.8+9 (21.0.8+9) (build 21.0.8+9-LTS)
# Java VM: OpenJDK 64-Bit Server VM Temurin-21.0.8+9 (21.0.8+9-LTS, mixed mode, sharing, tiered, compressed oops, compressed class ptrs, g1 gc, windows-amd64)
GC Precious Log:
 CardTable entry size: 512
 Card Set container configuration: InlinePtr #cards 5 size 8 Array Of Cards #cards 12 size 40 Howl #buckets 4 coarsen threshold 1843 Howl Bitmap #cards 512 size 80 coarsen threshold 460 Card regions per heap region 1 cards per card region 2048
 CPUs: 12 total, 12 available
 Memory: 3889M
 Large Page Support: Disabled
 NUMA Support: Disabled
 Compressed Oops: Enabled (32-bit)
 Heap Region Size: 1M
 Heap Min Capacity: 8M
 Heap Initial Capacity: 62M
 Heap Max Capacity: 974M
 Pre-touch: Disabled
 Parallel Workers: 10
 Concurrent Workers: 3
 Concurrent Refinement Workers: 10
 Periodic GC: Disabled
Heap:
 garbage-first heap   total 65536K, used 47385K [0x00000000c3200000, 0x0000000100000000)
  region size 1024K, 19 young (19456K), 3 survivors (3072K)
 Metaspace       used 83349K, committed 84096K, reserved 1179648K
  class space    used 11453K, committed 11776K, reserved 1048576K
GC Heap History (20 events):
Event: 1.582 GC heap before
{Heap before GC invocations=3 (full 0):
 garbage-first heap   total 63488K, used 17573K [0x00000000c3200000, 0x0000000100000000)
  region size 1024K, 8 young (8192K), 3 survivors (3072K)
 Metaspace       used 21061K, committed 21504K, reserved 1114112K
  class space    used 2644K, committed 2880K, reserved 1048576K
}
Event: 1.585 GC heap after
{Heap after GC invocations=4 (full 0):
 garbage-first heap   total 63488K, used 14369K [0x00000000c3200000, 0x0000000100000000)
  region size 1024K, 1 young (1024K), 1 survivors (1024K)
 Metaspace       used 21061K, committed 21504K, reserved 1114112K
  class space    used 2644K, committed 2880K, reserved 1048576K
}
Event: 2.181 GC heap before
{Heap before GC invocations=5 (full 0):
 garbage-first heap   total 51200K, used 48161K [0x00000000c3200000, 0x0000000100000000)
  region size 1024K, 35 young (35840K), 1 survivors (1024K)
 Metaspace       used 25784K, committed 26240K, reserved 1114112K
  class space    used 3331K, committed 3520K, reserved 1048576K
}
Event: 2.185 GC heap after
{Heap after GC invocations=6 (full 0):
 garbage-first heap   total 65536K, used 16955K [0x00000000c3200000, 0x0000000100000000)
  region size 1024K, 4 young (4096K), 4 survivors (4096K)
 Metaspace       used 25784K, committed 26240K, reserved 1114112K
  class space    used 3331K, committed 3520K, reserved 1048576K
}
Event: 2.968 GC heap before
{Heap before GC invocations=6 (full 0):
 garbage-first heap   total 65536K, used 49723K [0x00000000c3200000, 0x0000000100000000)
  region size 1024K, 37 young (37888K), 4 survivors (4096K)
 Metaspace       used 33264K, committed 33792K, reserved 1114112K
  class space    used 4339K, committed 4608K, reserved 1048576K
}
Event: 2.977 GC heap after
{Heap after GC invocations=7 (full 0):
 garbage-first heap   total 65536K, used 20586K [0x00000000c3200000, 0x0000000100000000)
  region size 1024K, 4 young (4096K), 4 survivors (4096K)
 Metaspace       used 33264K, committed 33792K, reserved 1114112K
  class space    used 4339K, committed 4608K, reserved 1048576K
}
Event: 3.166 GC heap before
{Heap before GC invocations=7 (full 0):
 garbage-first heap   total 65536K, used 29802K [0x00000000c3200000, 0x0000000100000000)
  region size 1024K, 14 young (14336K), 4 survivors (4096K)
 Metaspace       used 35545K, committed 36096K, reserved 1114112K
  class space    used 4598K, committed 4864K, reserved 1048576K
}
Event: 3.170 GC heap after
{Heap after GC invocations=8 (full 0):
 garbage-first heap   total 65536K, used 21391K [0x00000000c3200000, 0x0000000100000000)
  region size 1024K, 1 young (1024K), 1 survivors (1024K)
 Metaspace       used 35545K, committed 36096K, reserved 1114112K
  class space    used 4598K, committed 4864K, reserved 1048576K
}
Event: 3.866 GC heap before
{Heap before GC invocations=9 (full 0):
 garbage-first heap   total 65536K, used 54159K [0x00000000c3200000, 0x0000000100000000)
  region size 1024K, 33 young (33792K), 1 survivors (1024K)
 Metaspace       used 43631K, committed 44288K, reserved 1114112K
  class space    used 6052K, committed 6336K, reserved 1048576K
}
Event: 3.869 GC heap after
{Heap after GC invocations=10 (full 0):
 garbage-first heap   total 65536K, used 23671K [0x00000000c3200000, 0x0000000100000000)
  region size 1024K, 4 young (4096K), 4 survivors (4096K)
 Metaspace       used 43631K, committed 44288K, reserved 1114112K
  class space    used 6052K, committed 6336K, reserved 1048576K
}
Event: 4.755 GC heap before
{Heap before GC invocations=10 (full 0):
 garbage-first heap   total 65536K, used 54391K [0x00000000c3200000, 0x0000000100000000)
  region size 1024K, 35 young (35840K), 4 survivors (4096K)
 Metaspace       used 55957K, committed 56512K, reserved 1114112K
  class space    used 7446K, committed 7680K, reserved 1048576K
}
Event: 4.761 GC heap after
{Heap after GC invocations=11 (full 0):
 garbage-first heap   total 65536K, used 26093K [0x00000000c3200000, 0x0000000100000000)
  region size 1024K, 5 young (5120K), 5 survivors (5120K)
 Metaspace       used 55957K, committed 56512K, reserved 1114112K
  class space    used 7446K, committed 7680K, reserved 1048576K
}
Event: 4.982 GC heap before
{Heap before GC invocations=11 (full 0):
 garbage-first heap   total 65536K, used 41453K [0x00000000c3200000, 0x0000000100000000)
  region size 1024K, 21 young (21504K), 5 survivors (5120K)
 Metaspace       used 59723K, committed 60288K, reserved 1114112K
  class space    used 7901K, committed 8128K, reserved 1048576K
}
Event: 4.988 GC heap after
{Heap after GC invocations=12 (full 0):
 garbage-first heap   total 65536K, used 27250K [0x00000000c3200000, 0x0000000100000000)
  region size 1024K, 2 young (2048K), 2 survivors (2048K)
 Metaspace       used 59723K, committed 60288K, reserved 1114112K
  class space    used 7901K, committed 8128K, reserved 1048576K
}
Event: 5.590 GC heap before
{Heap before GC invocations=13 (full 0):
 garbage-first heap   total 65536K, used 56946K [0x00000000c3200000, 0x0000000100000000)
  region size 1024K, 31 young (31744K), 2 survivors (2048K)
 Metaspace       used 68908K, committed 69568K, reserved 1114112K
  class space    used 9346K, committed 9600K, reserved 1048576K
}
Event: 5.593 GC heap after
{Heap after GC invocations=14 (full 0):
 garbage-first heap   total 65536K, used 27980K [0x00000000c3200000, 0x0000000100000000)
  region size 1024K, 2 young (2048K), 2 survivors (2048K)
 Metaspace       used 68908K, committed 69568K, reserved 1114112K
  class space    used 9346K, committed 9600K, reserved 1048576K
}
Event: 6.280 GC heap before
{Heap before GC invocations=14 (full 0):
 garbage-first heap   total 65536K, used 57676K [0x00000000c3200000, 0x0000000100000000)
  region size 1024K, 31 young (31744K), 2 survivors (2048K)
 Metaspace       used 74900K, committed 75584K, reserved 1179648K
  class space    used 10191K, committed 10496K, reserved 1048576K
}
Event: 6.285 GC heap after
{Heap after GC invocations=15 (full 0):
 garbage-first heap   total 65536K, used 30284K [0x00000000c3200000, 0x0000000100000000)
  region size 1024K, 4 young (4096K), 4 survivors (4096K)
 Metaspace       used 74900K, committed 75584K, reserved 1179648K
  class space    used 10191K, committed 10496K, reserved 1048576K
}
Event: 6.742 GC heap before
{Heap before GC invocations=15 (full 0):
 garbage-first heap   total 65536K, used 56908K [0x00000000c3200000, 0x0000000100000000)
  region size 1024K, 30 young (30720K), 4 survivors (4096K)
 Metaspace       used 78835K, committed 79552K, reserved 1179648K
  class space    used 10749K, committed 11072K, reserved 1048576K
}
Event: 6.747 GC heap after
{Heap after GC invocations=16 (full 0):
 garbage-first heap   total 65536K, used 33049K [0x00000000c3200000, 0x0000000100000000)
  region size 1024K, 3 young (3072K), 3 survivors (3072K)
 Metaspace       used 78835K, committed 79552K, reserved 1179648K
  class space    used 10749K, committed 11072K, reserved 1048576K
}

