# JRE version: OpenJDK Runtime Environment Temurin-21.0.8+9 (21.0.8+9) (build 21.0.8+9-LTS)
# Java VM: OpenJDK 64-Bit Server VM Temurin-21.0.8+9 (21.0.8+9-LTS, mixed mode, sharing, tiered, compressed oops, compressed class ptrs, g1 gc, windows-amd64)
GC Precious Log:
 CardTable entry size: 512
 Card Set container configuration: InlinePtr #cards 5 size 8 Array Of Cards #cards 12 size 40 Howl #buckets 4 coarsen threshold 1843 Howl Bitmap #cards 512 size 80 coarsen threshold 460 Card regions per heap region 1 cards per card region 2048
 CPUs: 12 total, 12 available
 Memory: 3889M
 Large Page Support: Disabled
 NUMA Support: Disabled
 Compressed Oops: Enabled (32-bit)
 Heap Region Size: 1M
 Heap Min Capacity: 8M
 Heap Initial Capacity: 62M
 Heap Max Capacity: 974M
 Pre-touch: Disabled
 Parallel Workers: 10
 Concurrent Workers: 3
 Concurrent Refinement Workers: 10
 Periodic GC: Disabled
Heap:
 garbage-first heap   total 78848K, used 59137K [0x00000000c3200000, 0x0000000100000000)
  region size 1024K, 20 young (20480K), 2 survivors (2048K)
 Metaspace       used 103676K, committed 104576K, reserved 1179648K
  class space    used 13954K, committed 14400K, reserved 1048576K
GC Heap History (20 events):
Event: 179.606 GC heap before
{Heap before GC invocations=24 (full 0):
 garbage-first heap   total 78848K, used 70112K [0x00000000c3200000, 0x0000000100000000)
  region size 1024K, 30 young (30720K), 2 survivors (2048K)
 Metaspace       used 98025K, committed 98816K, reserved 1179648K
  class space    used 13451K, committed 13824K, reserved 1048576K
}
Event: 179.694 GC heap after
{Heap after GC invocations=25 (full 0):
 garbage-first heap   total 78848K, used 42686K [0x00000000c3200000, 0x0000000100000000)
  region size 1024K, 2 young (2048K), 2 survivors (2048K)
 Metaspace       used 98025K, committed 98816K, reserved 1179648K
  class space    used 13451K, committed 13824K, reserved 1048576K
}
Event: 205.343 GC heap before
{Heap before GC invocations=26 (full 0):
 garbage-first heap   total 78848K, used 70334K [0x00000000c3200000, 0x0000000100000000)
  region size 1024K, 30 young (30720K), 2 survivors (2048K)
 Metaspace       used 98552K, committed 99392K, reserved 1179648K
  class space    used 13453K, committed 13824K, reserved 1048576K
}
Event: 205.387 GC heap after
{Heap after GC invocations=27 (full 0):
 garbage-first heap   total 78848K, used 42714K [0x00000000c3200000, 0x0000000100000000)
  region size 1024K, 2 young (2048K), 2 survivors (2048K)
 Metaspace       used 98552K, committed 99392K, reserved 1179648K
  class space    used 13453K, committed 13824K, reserved 1048576K
}
Event: 241.848 GC heap before
{Heap before GC invocations=27 (full 0):
 garbage-first heap   total 78848K, used 70362K [0x00000000c3200000, 0x0000000100000000)
  region size 1024K, 30 young (30720K), 2 survivors (2048K)
 Metaspace       used 101814K, committed 102720K, reserved 1179648K
  class space    used 13845K, committed 14208K, reserved 1048576K
}
Event: 241.905 GC heap after
{Heap after GC invocations=28 (full 0):
 garbage-first heap   total 78848K, used 45237K [0x00000000c3200000, 0x0000000100000000)
  region size 1024K, 4 young (4096K), 4 survivors (4096K)
 Metaspace       used 101814K, committed 102720K, reserved 1179648K
  class space    used 13845K, committed 14208K, reserved 1048576K
}
Event: 266.115 GC heap before
{Heap before GC invocations=28 (full 0):
 garbage-first heap   total 78848K, used 67765K [0x00000000c3200000, 0x0000000100000000)
  region size 1024K, 27 young (27648K), 4 survivors (4096K)
 Metaspace       used 102795K, committed 103680K, reserved 1179648K
  class space    used 13938K, committed 14336K, reserved 1048576K
}
Event: 266.157 GC heap after
{Heap after GC invocations=29 (full 0):
 garbage-first heap   total 78848K, used 44151K [0x00000000c3200000, 0x0000000100000000)
  region size 1024K, 2 young (2048K), 2 survivors (2048K)
 Metaspace       used 102795K, committed 103680K, reserved 1179648K
  class space    used 13938K, committed 14336K, reserved 1048576K
}
Event: 359.844 GC heap before
{Heap before GC invocations=30 (full 0):
 garbage-first heap   total 78848K, used 69751K [0x00000000c3200000, 0x0000000100000000)
  region size 1024K, 28 young (28672K), 2 survivors (2048K)
 Metaspace       used 103032K, committed 103872K, reserved 1179648K
  class space    used 13940K, committed 14336K, reserved 1048576K
}
Event: 359.942 GC heap after
{Heap after GC invocations=31 (full 0):
 garbage-first heap   total 78848K, used 44119K [0x00000000c3200000, 0x0000000100000000)
  region size 1024K, 2 young (2048K), 2 survivors (2048K)
 Metaspace       used 103032K, committed 103872K, reserved 1179648K
  class space    used 13940K, committed 14336K, reserved 1048576K
}
Event: 444.635 GC heap before
{Heap before GC invocations=31 (full 0):
 garbage-first heap   total 78848K, used 69719K [0x00000000c3200000, 0x0000000100000000)
  region size 1024K, 28 young (28672K), 2 survivors (2048K)
 Metaspace       used 103243K, committed 104128K, reserved 1179648K
  class space    used 13940K, committed 14336K, reserved 1048576K
}
Event: 444.783 GC heap after
{Heap after GC invocations=32 (full 0):
 garbage-first heap   total 78848K, used 43066K [0x00000000c3200000, 0x0000000100000000)
  region size 1024K, 2 young (2048K), 2 survivors (2048K)
 Metaspace       used 103243K, committed 104128K, reserved 1179648K
  class space    used 13940K, committed 14336K, reserved 1048576K
}
Event: 460.955 GC heap before
{Heap before GC invocations=32 (full 0):
 garbage-first heap   total 78848K, used 69690K [0x00000000c3200000, 0x0000000100000000)
  region size 1024K, 29 young (29696K), 2 survivors (2048K)
 Metaspace       used 103387K, committed 104320K, reserved 1179648K
  class space    used 13951K, committed 14400K, reserved 1048576K
}
Event: 461.008 GC heap after
{Heap after GC invocations=33 (full 0):
 garbage-first heap   total 78848K, used 43121K [0x00000000c3200000, 0x0000000100000000)
  region size 1024K, 2 young (2048K), 2 survivors (2048K)
 Metaspace       used 103387K, committed 104320K, reserved 1179648K
  class space    used 13951K, committed 14400K, reserved 1048576K
}
Event: 477.993 GC heap before
{Heap before GC invocations=34 (full 0):
 garbage-first heap   total 78848K, used 69745K [0x00000000c3200000, 0x0000000100000000)
  region size 1024K, 29 young (29696K), 2 survivors (2048K)
 Metaspace       used 103551K, committed 104512K, reserved 1179648K
  class space    used 13951K, committed 14400K, reserved 1048576K
}
Event: 477.998 GC heap after
{Heap after GC invocations=35 (full 0):
 garbage-first heap   total 78848K, used 43033K [0x00000000c3200000, 0x0000000100000000)
  region size 1024K, 2 young (2048K), 2 survivors (2048K)
 Metaspace       used 103551K, committed 104512K, reserved 1179648K
  class space    used 13951K, committed 14400K, reserved 1048576K
}
Event: 593.884 GC heap before
{Heap before GC invocations=35 (full 0):
 garbage-first heap   total 78848K, used 69657K [0x00000000c3200000, 0x0000000100000000)
  region size 1024K, 29 young (29696K), 2 survivors (2048K)
 Metaspace       used 103593K, committed 104512K, reserved 1179648K
  class space    used 13951K, committed 14400K, reserved 1048576K
}
Event: 594.739 GC heap after
{Heap after GC invocations=36 (full 0):
 garbage-first heap   total 78848K, used 42779K [0x00000000c3200000, 0x0000000100000000)
  region size 1024K, 2 young (2048K), 2 survivors (2048K)
 Metaspace       used 103593K, committed 104512K, reserved 1179648K
  class space    used 13951K, committed 14400K, reserved 1048576K
}
Event: 704.603 GC heap before
{Heap before GC invocations=36 (full 0):
 garbage-first heap   total 78848K, used 69403K [0x00000000c3200000, 0x0000000100000000)
  region size 1024K, 29 young (29696K), 2 survivors (2048K)
 Metaspace       used 103656K, committed 104576K, reserved 1179648K
  class space    used 13953K, committed 14400K, reserved 1048576K
}
Event: 704.738 GC heap after
{Heap after GC invocations=37 (full 0):
 garbage-first heap   total 78848K, used 42753K [0x00000000c3200000, 0x0000000100000000)
  region size 1024K, 2 young (2048K), 2 survivors (2048K)
 Metaspace       used 103656K, committed 104576K, reserved 1179648K
  class space    used 13953K, committed 14400K, reserved 1048576K
}

